# JRE version: OpenJDK Runtime Environment (7.0_79-b14) (build 1.7.0_79-b14)
# Java VM: OpenJDK 64-Bit Server VM (24.79-b02 mixed mode linux-amd64 compressed oops)
Heap
 PSYoungGen      total 66048K, used 49271K [0x00000000ebd00000, 0x00000000f0000000, 0x0000000100000000)
  eden space 63488K, 73% used [0x00000000ebd00000,0x00000000eea9fb00,0x00000000efb00000)
  from space 2560K, 99% used [0x00000000efd80000,0x00000000efffe4c0,0x00000000f0000000)
  to   space 2560K, 0% used [0x00000000efb00000,0x00000000efb00000,0x00000000efd80000)
 ParOldGen       total 40960K, used 14159K [0x00000000c3800000, 0x00000000c6000000, 0x00000000ebd00000)
  object space 40960K, 34% used [0x00000000c3800000,0x00000000c45d3d28,0x00000000c6000000)
 PSPermGen       total 30720K, used 30361K [0x00000000b9200000, 0x00000000bb000000, 0x00000000c3800000)
  object space 30720K, 98% used [0x00000000b9200000,0x00000000bafa65b8,0x00000000bb000000)
GC Heap History (8 events):
Event: 1,032 GC heap before
{Heap before GC invocations=1 (full 0):
 PSYoungGen      total 18432K, used 15872K [0x00000000ebd00000, 0x00000000ed180000, 0x0000000100000000)
  eden space 15872K, 100% used [0x00000000ebd00000,0x00000000ecc80000,0x00000000ecc80000)
  from space 2560K, 0% used [0x00000000ecf00000,0x00000000ecf00000,0x00000000ed180000)
  to   space 2560K, 0% used [0x00000000ecc80000,0x00000000ecc80000,0x00000000ecf00000)
 ParOldGen       total 40960K, used 0K [0x00000000c3800000, 0x00000000c6000000, 0x00000000ebd00000)
  object space 40960K, 0% used [0x00000000c3800000,0x00000000c3800000,0x00000000c6000000)
 PSPermGen       total 21504K, used 12814K [0x00000000b9200000, 0x00000000ba700000, 0x00000000c3800000)
  object space 21504K, 59% used [0x00000000b9200000,0x00000000b9e83ae8,0x00000000ba700000)
Event: 1,044 GC heap after
Heap after GC invocations=1 (full 0):
 PSYoungGen      total 18432K, used 2530K [0x00000000ebd00000, 0x00000000ee100000, 0x0000000100000000)
  eden space 15872K, 0% used [0x00000000ebd00000,0x00000000ebd00000,0x00000000ecc80000)
  from space 2560K, 98% used [0x00000000ecc80000,0x00000000ecef8b38,0x00000000ecf00000)
  to   space 2560K, 0% used [0x00000000ede80000,0x00000000ede80000,0x00000000ee100000)
 ParOldGen       total 40960K, used 3276K [0x00000000c3800000, 0x00000000c6000000, 0x00000000ebd00000)
  object space 40960K, 8% used [0x00000000c3800000,0x00000000c3b33390,0x00000000c6000000)
 PSPermGen       total 21504K, used 12814K [0x00000000b9200000, 0x00000000ba700000, 0x00000000c3800000)
  object space 21504K, 59% used [0x00000000b9200000,0x00000000b9e83ae8,0x00000000ba700000)
}
Event: 1,081 GC heap before
{Heap before GC invocations=2 (full 0):
 PSYoungGen      total 18432K, used 18402K [0x00000000ebd00000, 0x00000000ee100000, 0x0000000100000000)
  eden space 15872K, 100% used [0x00000000ebd00000,0x00000000ecc80000,0x00000000ecc80000)
  from space 2560K, 98% used [0x00000000ecc80000,0x00000000ecef8b38,0x00000000ecf00000)
  to   space 2560K, 0% used [0x00000000ede80000,0x00000000ede80000,0x00000000ee100000)
 ParOldGen       total 40960K, used 3276K [0x00000000c3800000, 0x00000000c6000000, 0x00000000ebd00000)
  object space 40960K, 8% used [0x00000000c3800000,0x00000000c3b33390,0x00000000c6000000)
 PSPermGen       total 21504K, used 12977K [0x00000000b9200000, 0x00000000ba700000, 0x00000000c3800000)
  object space 21504K, 60% used [0x00000000b9200000,0x00000000b9eac4d8,0x00000000ba700000)
Event: 1,090 GC heap after
Heap after GC invocations=2 (full 0):
 PSYoungGen      total 34304K, used 2554K [0x00000000ebd00000, 0x00000000ee100000, 0x0000000100000000)
  eden space 31744K, 0% used [0x00000000ebd00000,0x00000000ebd00000,0x00000000edc00000)
  from space 2560K, 99% used [0x00000000ede80000,0x00000000ee0fe8a8,0x00000000ee100000)
  to   space 2560K, 0% used [0x00000000edc00000,0x00000000edc00000,0x00000000ede80000)
 ParOldGen       total 40960K, used 3965K [0x00000000c3800000, 0x00000000c6000000, 0x00000000ebd00000)
  object space 40960K, 9% used [0x00000000c3800000,0x00000000c3bdf7e0,0x00000000c6000000)
 PSPermGen       total 21504K, used 12977K [0x00000000b9200000, 0x00000000ba700000, 0x00000000c3800000)
  object space 21504K, 60% used [0x00000000b9200000,0x00000000b9eac4d8,0x00000000ba700000)
}
Event: 2,031 GC heap before
{Heap before GC invocations=3 (full 0):
 PSYoungGen      total 34304K, used 34298K [0x00000000ebd00000, 0x00000000ee100000, 0x0000000100000000)
  eden space 31744K, 100% used [0x00000000ebd00000,0x00000000edc00000,0x00000000edc00000)
  from space 2560K, 99% used [0x00000000ede80000,0x00000000ee0fe8a8,0x00000000ee100000)
  to   space 2560K, 0% used [0x00000000edc00000,0x00000000edc00000,0x00000000ede80000)
 ParOldGen       total 40960K, used 3965K [0x00000000c3800000, 0x00000000c6000000, 0x00000000ebd00000)
  object space 40960K, 9% used [0x00000000c3800000,0x00000000c3bdf7e0,0x00000000c6000000)
 PSPermGen       total 21504K, used 21446K [0x00000000b9200000, 0x00000000ba700000, 0x00000000c3800000)
  object space 21504K, 99% used [0x00000000b9200000,0x00000000ba6f1be0,0x00000000ba700000)
Event: 2,045 GC heap after
Heap after GC invocations=3 (full 0):
 PSYoungGen      total 34304K, used 2553K [0x00000000ebd00000, 0x00000000f0000000, 0x0000000100000000)
  eden space 31744K, 0% used [0x00000000ebd00000,0x00000000ebd00000,0x00000000edc00000)
  from space 2560K, 99% used [0x00000000edc00000,0x00000000ede7e4f0,0x00000000ede80000)
  to   space 2560K, 0% used [0x00000000efd80000,0x00000000efd80000,0x00000000f0000000)
 ParOldGen       total 40960K, used 9881K [0x00000000c3800000, 0x00000000c6000000, 0x00000000ebd00000)
  object space 40960K, 24% used [0x00000000c3800000,0x00000000c41a6508,0x00000000c6000000)
 PSPermGen       total 21504K, used 21446K [0x00000000b9200000, 0x00000000ba700000, 0x00000000c3800000)
  object space 21504K, 99% used [0x00000000b9200000,0x00000000ba6f1be0,0x00000000ba700000)
}
Event: 2,844 GC heap before
{Heap before GC invocations=4 (full 0):
 PSYoungGen      total 34304K, used 34297K [0x00000000ebd00000, 0x00000000f0000000, 0x0000000100000000)
  eden space 31744K, 100% used [0x00000000ebd00000,0x00000000edc00000,0x00000000edc00000)
  from space 2560K, 99% used [0x00000000edc00000,0x00000000ede7e4f0,0x00000000ede80000)
  to   space 2560K, 0% used [0x00000000efd80000,0x00000000efd80000,0x00000000f0000000)
 ParOldGen       total 40960K, used 9881K [0x00000000c3800000, 0x00000000c6000000, 0x00000000ebd00000)
  object space 40960K, 24% used [0x00000000c3800000,0x00000000c41a6508,0x00000000c6000000)
 PSPermGen       total 26624K, used 26548K [0x00000000b9200000, 0x00000000bac00000, 0x00000000c3800000)
  object space 26624K, 99% used [0x00000000b9200000,0x00000000babed288,0x00000000bac00000)
Event: 2,859 GC heap after
Heap after GC invocations=4 (full 0):
 PSYoungGen      total 66048K, used 2553K [0x00000000ebd00000, 0x00000000f0000000, 0x0000000100000000)
  eden space 63488K, 0% used [0x00000000ebd00000,0x00000000ebd00000,0x00000000efb00000)
  from space 2560K, 99% used [0x00000000efd80000,0x00000000efffe4c0,0x00000000f0000000)
  to   space 2560K, 0% used [0x00000000efb00000,0x00000000efb00000,0x00000000efd80000)
 ParOldGen       total 40960K, used 14159K [0x00000000c3800000, 0x00000000c6000000, 0x00000000ebd00000)
  object space 40960K, 34% used [0x00000000c3800000,0x00000000c45d3d28,0x00000000c6000000)
 PSPermGen       total 26624K, used 26548K [0x00000000b9200000, 0x00000000bac00000, 0x00000000c3800000)
  object space 26624K, 99% used [0x00000000b9200000,0x00000000babed288,0x00000000bac00000)
}

